d:\my_github\lua_debug\lua51\x64\debug\vc142.pdb
d:\my_github\lua_debug\lua51\x64\debug\vc142.idb
d:\my_github\lua_debug\lua51\x64\debug\lparser.obj
d:\my_github\lua_debug\lua51\x64\debug\loslib.obj
d:\my_github\lua_debug\lua51\x64\debug\lopcodes.obj
d:\my_github\lua_debug\lua51\x64\debug\lobject.obj
d:\my_github\lua_debug\lua51\x64\debug\loadlib.obj
d:\my_github\lua_debug\lua51\x64\debug\lmem.obj
d:\my_github\lua_debug\lua51\x64\debug\lmathlib.obj
d:\my_github\lua_debug\lua51\x64\debug\llex.obj
d:\my_github\lua_debug\lua51\x64\debug\liolib.obj
d:\my_github\lua_debug\lua51\x64\debug\linit.obj
d:\my_github\lua_debug\lua51\x64\debug\lgc.obj
d:\my_github\lua_debug\lua51\x64\debug\lfunc.obj
d:\my_github\lua_debug\lua51\x64\debug\ldump.obj
d:\my_github\lua_debug\lua51\x64\debug\ldo.obj
d:\my_github\lua_debug\lua51\x64\debug\ldebug.obj
d:\my_github\lua_debug\lua51\x64\debug\ldblib.obj
d:\my_github\lua_debug\lua51\x64\debug\lcode.obj
d:\my_github\lua_debug\lua51\x64\debug\lbaselib.obj
d:\my_github\lua_debug\lua51\x64\debug\lauxlib.obj
d:\my_github\lua_debug\lua51\x64\debug\lapi.obj
d:\my_github\lua_debug\lua51\x64\debug\lzio.obj
d:\my_github\lua_debug\lua51\x64\debug\lvm.obj
d:\my_github\lua_debug\lua51\x64\debug\lundump.obj
d:\my_github\lua_debug\lua51\x64\debug\ltm.obj
d:\my_github\lua_debug\lua51\x64\debug\ltablib.obj
d:\my_github\lua_debug\lua51\x64\debug\ltable.obj
d:\my_github\lua_debug\lua51\x64\debug\lstrlib.obj
d:\my_github\lua_debug\lua51\x64\debug\lstring.obj
d:\my_github\lua_debug\lua51\x64\debug\lstate.obj
d:\my_github\lua_debug\x64\debug\lua51.dll
d:\my_github\lua_debug\lua51\x64\debug\lua51.ilk
d:\my_github\lua_debug\x64\debug\lua51.pdb
d:\my_github\lua_debug\x64\debug\lua51.lib
d:\my_github\lua_debug\x64\debug\lua51.exp
d:\my_github\lua_debug\lua51\x64\debug\bit.obj
d:\my_github\lua_debug\lua51\x64\debug\lua51.tlog\cl.command.1.tlog
d:\my_github\lua_debug\lua51\x64\debug\lua51.tlog\cl.read.1.tlog
d:\my_github\lua_debug\lua51\x64\debug\lua51.tlog\cl.write.1.tlog
d:\my_github\lua_debug\lua51\x64\debug\lua51.tlog\link.command.1.tlog
d:\my_github\lua_debug\lua51\x64\debug\lua51.tlog\link.read.1.tlog
d:\my_github\lua_debug\lua51\x64\debug\lua51.tlog\link.write.1.tlog
d:\my_github\lua_debug\lua51\x64\debug\lua51.tlog\lua51.write.1u.tlog
