d:\my_github\lua_debug\x64\release\liblua51.pdb
d:\my_github\lua_debug\liblua51\x64\release\lparser.obj
d:\my_github\lua_debug\liblua51\x64\release\loslib.obj
d:\my_github\lua_debug\liblua51\x64\release\lopcodes.obj
d:\my_github\lua_debug\liblua51\x64\release\lobject.obj
d:\my_github\lua_debug\liblua51\x64\release\loadlib.obj
d:\my_github\lua_debug\liblua51\x64\release\lmem.obj
d:\my_github\lua_debug\liblua51\x64\release\lmathlib.obj
d:\my_github\lua_debug\liblua51\x64\release\llex.obj
d:\my_github\lua_debug\liblua51\x64\release\liolib.obj
d:\my_github\lua_debug\liblua51\x64\release\linit.obj
d:\my_github\lua_debug\liblua51\x64\release\lgc.obj
d:\my_github\lua_debug\liblua51\x64\release\lfunc.obj
d:\my_github\lua_debug\liblua51\x64\release\ldump.obj
d:\my_github\lua_debug\liblua51\x64\release\ldo.obj
d:\my_github\lua_debug\liblua51\x64\release\ldebug.obj
d:\my_github\lua_debug\liblua51\x64\release\ldblib.obj
d:\my_github\lua_debug\liblua51\x64\release\lcode.obj
d:\my_github\lua_debug\liblua51\x64\release\lbaselib.obj
d:\my_github\lua_debug\liblua51\x64\release\lauxlib.obj
d:\my_github\lua_debug\liblua51\x64\release\lapi.obj
d:\my_github\lua_debug\liblua51\x64\release\lzio.obj
d:\my_github\lua_debug\liblua51\x64\release\lvm.obj
d:\my_github\lua_debug\liblua51\x64\release\lundump.obj
d:\my_github\lua_debug\liblua51\x64\release\ltm.obj
d:\my_github\lua_debug\liblua51\x64\release\ltablib.obj
d:\my_github\lua_debug\liblua51\x64\release\ltable.obj
d:\my_github\lua_debug\liblua51\x64\release\lstrlib.obj
d:\my_github\lua_debug\liblua51\x64\release\lstring.obj
d:\my_github\lua_debug\liblua51\x64\release\lstate.obj
d:\my_github\lua_debug\x64\release\liblua51.lib
d:\my_github\lua_debug\liblua51\x64\release\liblua51.tlog\cl.command.1.tlog
d:\my_github\lua_debug\liblua51\x64\release\liblua51.tlog\cl.read.1.tlog
d:\my_github\lua_debug\liblua51\x64\release\liblua51.tlog\cl.write.1.tlog
d:\my_github\lua_debug\liblua51\x64\release\liblua51.tlog\lib-link.read.1.tlog
d:\my_github\lua_debug\liblua51\x64\release\liblua51.tlog\lib-link.write.1.tlog
d:\my_github\lua_debug\liblua51\x64\release\liblua51.tlog\lib.command.1.tlog
